<?xml version="1.0" encoding="UTF-8"?>
<!-- Generated by org.testng.reporters.JUnitXMLReporter -->
<testsuite ignored="0" hostname="DESKTOP-57AN5QL" failures="0" tests="3" name="Default test" time="0.141" errors="0" timestamp="2023-12-10T12:42:59 IST">
  <testcase classname="Tpack.DemoThreeAssertionTutorial" name="testRegisteration" time="0.013"/>
  <testcase classname="Tpack.DemoThreeAssertionTutorial" name="loginPage" time="0.005"/>
  <testcase classname="Tpack.DemoThreeAssertionTutorial" name="HomePage" time="0.006"/>
</testsuite> <!-- Default test -->
