<?xml version="1.0" encoding="UTF-8"?>
<testng-results ignored="0" total="3" passed="3" failed="0" skipped="0">
  <reporter-output>
  </reporter-output>
  <suite started-at="2023-12-10T12:42:59 IST" name="Default suite" finished-at="2023-12-10T12:42:59 IST" duration-ms="141">
    <groups>
    </groups>
    <test started-at="2023-12-10T12:42:59 IST" name="Default test" finished-at="2023-12-10T12:42:59 IST" duration-ms="141">
      <class name="Tpack.DemoThreeAssertionTutorial">
        <test-method is-config="true" signature="setup()[pri:0, instance:Tpack.DemoThreeAssertionTutorial@6574a52c]" started-at="2023-12-10T12:42:59 IST" name="setup" finished-at="2023-12-10T12:42:59 IST" duration-ms="20" status="PASS">
          <reporter-output>
          </reporter-output>
        </test-method> <!-- setup -->
        <test-method signature="testRegisteration()[pri:0, instance:Tpack.DemoThreeAssertionTutorial@6574a52c]" started-at="2023-12-10T12:42:59 IST" name="testRegisteration" finished-at="2023-12-10T12:42:59 IST" duration-ms="13" status="PASS">
          <reporter-output>
          </reporter-output>
        </test-method> <!-- testRegisteration -->
        <test-method signature="loginPage()[pri:1, instance:Tpack.DemoThreeAssertionTutorial@6574a52c]" started-at="2023-12-10T12:42:59 IST" name="loginPage" finished-at="2023-12-10T12:42:59 IST" duration-ms="5" status="PASS">
          <reporter-output>
          </reporter-output>
        </test-method> <!-- loginPage -->
        <test-method signature="HomePage()[pri:2, instance:Tpack.DemoThreeAssertionTutorial@6574a52c]" started-at="2023-12-10T12:42:59 IST" name="HomePage" finished-at="2023-12-10T12:42:59 IST" duration-ms="6" status="PASS">
          <reporter-output>
          </reporter-output>
        </test-method> <!-- HomePage -->
        <test-method is-config="true" signature="closure()[pri:0, instance:Tpack.DemoThreeAssertionTutorial@6574a52c]" started-at="2023-12-10T12:42:59 IST" name="closure" finished-at="2023-12-10T12:42:59 IST" duration-ms="1" status="PASS">
          <reporter-output>
          </reporter-output>
        </test-method> <!-- closure -->
      </class> <!-- Tpack.DemoThreeAssertionTutorial -->
    </test> <!-- Default test -->
  </suite> <!-- Default suite -->
</testng-results>
